[debug] [2023-10-22T03:41:22.361Z] ----------------------------------------------------------------------
[debug] [2023-10-22T03:41:22.363Z] Command:       C:\Program Files\nodejs\node.exe C:\Users\VADER\AppData\Roaming\npm\node_modules\firebase-tools\lib\bin\firebase.js init
[debug] [2023-10-22T03:41:22.363Z] CLI Version:   12.5.4
[debug] [2023-10-22T03:41:22.363Z] Platform:      win32
[debug] [2023-10-22T03:41:22.364Z] Node Version:  v18.16.0
[debug] [2023-10-22T03:41:22.364Z] Time:          Sun Oct 22 2023 09:11:22 GMT+0530 (India Standard Time)
[debug] [2023-10-22T03:41:22.364Z] ----------------------------------------------------------------------
[debug] 
[debug] [2023-10-22T03:41:22.371Z] > command requires scopes: ["email","openid","https://www.googleapis.com/auth/cloudplatformprojects.readonly","https://www.googleapis.com/auth/firebase","https://www.googleapis.com/auth/cloud-platform"]
[debug] [2023-10-22T03:41:22.372Z] > authorizing via signed-in user (chandanmohan50@gmail.com)
[info] 
     ######## #### ########  ######## ########     ###     ######  ########
     ##        ##  ##     ## ##       ##     ##  ##   ##  ##       ##
     ######    ##  ########  ######   ########  #########  ######  ######
     ##        ##  ##    ##  ##       ##     ## ##     ##       ## ##
     ##       #### ##     ## ######## ########  ##     ##  ######  ########

You're about to initialize a Firebase project in this directory:

  C:\Users\VADER\Desktop\loungeapplication

[info] 
=== Project Setup
[info] 
[info] First, let's associate this project directory with a Firebase project.
[info] You can create multiple project aliases by running firebase use --add, 
[info] but for now we'll just set up a default project.
[info] 
[debug] [2023-10-22T03:41:35.967Z] >>> [apiv2][query] GET https://firebase.googleapis.com/v1beta1/projects pageSize=100
[debug] [2023-10-22T03:41:36.892Z] <<< [apiv2][status] GET https://firebase.googleapis.com/v1beta1/projects 200
[debug] [2023-10-22T03:41:36.892Z] <<< [apiv2][body] GET https://firebase.googleapis.com/v1beta1/projects [omitted]
[info] i  Using project lounge-application-ac21b (Lounge Application) 
[info] 
=== Hosting Setup
[info] 
[info] Your public directory is the folder (relative to your project directory) that
[info] will contain Hosting assets to be uploaded with firebase deploy. If you
[info] have a build process for your assets, use your build's output directory.
[info] 
[debug] [2023-10-22T03:46:17.568Z] ----------------------------------------------------------------------
[debug] [2023-10-22T03:46:17.571Z] Command:       C:\Program Files\nodejs\node.exe C:\Users\VADER\AppData\Roaming\npm\node_modules\firebase-tools\lib\bin\firebase.js init
[debug] [2023-10-22T03:46:17.571Z] CLI Version:   12.5.4
[debug] [2023-10-22T03:46:17.571Z] Platform:      win32
[debug] [2023-10-22T03:46:17.572Z] Node Version:  v18.16.0
[debug] [2023-10-22T03:46:17.573Z] Time:          Sun Oct 22 2023 09:16:17 GMT+0530 (India Standard Time)
[debug] [2023-10-22T03:46:17.573Z] ----------------------------------------------------------------------
[debug] 
[debug] [2023-10-22T03:46:17.585Z] > command requires scopes: ["email","openid","https://www.googleapis.com/auth/cloudplatformprojects.readonly","https://www.googleapis.com/auth/firebase","https://www.googleapis.com/auth/cloud-platform"]
[debug] [2023-10-22T03:46:17.585Z] > authorizing via signed-in user (chandanmohan50@gmail.com)
[info] 
     ######## #### ########  ######## ########     ###     ######  ########
     ##        ##  ##     ## ##       ##     ##  ##   ##  ##       ##
     ######    ##  ########  ######   ########  #########  ######  ######
     ##        ##  ##    ##  ##       ##     ## ##     ##       ## ##
     ##       #### ##     ## ######## ########  ##     ##  ######  ########

You're about to initialize a Firebase project in this directory:

  C:\Users\VADER\Desktop\loungeapplication

[info] 
=== Project Setup
[info] 
[info] First, let's associate this project directory with a Firebase project.
[info] You can create multiple project aliases by running firebase use --add, 
[info] but for now we'll just set up a default project.
[info] 
[debug] [2023-10-22T03:46:23.208Z] >>> [apiv2][query] GET https://firebase.googleapis.com/v1beta1/projects pageSize=100
[debug] [2023-10-22T03:46:24.126Z] <<< [apiv2][status] GET https://firebase.googleapis.com/v1beta1/projects 200
[debug] [2023-10-22T03:46:24.126Z] <<< [apiv2][body] GET https://firebase.googleapis.com/v1beta1/projects [omitted]
[info] i  Using project lounge-application-ac21b (Lounge Application) 
[info] 
=== Hosting Setup
[info] 
[info] Your public directory is the folder (relative to your project directory) that
[info] will contain Hosting assets to be uploaded with firebase deploy. If you
[info] have a build process for your assets, use your build's output directory.
[info] 
[info] +  Wrote build/404.html 
[debug] [2023-10-22T03:46:39.856Z] >>> [apiv2][query] GET https://www.gstatic.com/firebasejs/releases.json [none]
[debug] [2023-10-22T03:46:39.954Z] <<< [apiv2][status] GET https://www.gstatic.com/firebasejs/releases.json 200
[debug] [2023-10-22T03:46:39.954Z] <<< [apiv2][body] GET https://www.gstatic.com/firebasejs/releases.json {"current":{"version":"10.5.0","browserURL":"https://www.gstatic.com/firebasejs/10.5.0/firebase.js","packageURL":"https://www.gstatic.com/firebasejs/10.5.0/firebase.tgz"},"live":{"version":"10.5","browserURL":"https://www.gstatic.com/firebasejs/live/10.5/firebase.js","packageURL":"https://www.gstatic.com/firebasejs/live/10.5/firebase.tgz"},"components":{"analytics":"https://www.gstatic.com/firebasejs/10.5.0/firebase-analytics.js","app":"https://www.gstatic.com/firebasejs/10.5.0/firebase-app.js","app-check":"https://www.gstatic.com/firebasejs/10.5.0/firebase-app-check.js","auth":"https://www.gstatic.com/firebasejs/10.5.0/firebase-auth.js","auth/cordova":"https://www.gstatic.com/firebasejs/10.5.0/firebase-auth/cordova.js","functions":"https://www.gstatic.com/firebasejs/10.5.0/firebase-functions.js","firestore":"https://www.gstatic.com/firebasejs/10.5.0/firebase-firestore.js","firestore/lite":"https://www.gstatic.com/firebasejs/10.5.0/firebase-firestore/lite.js","installations":"https://www.gstatic.com/firebasejs/10.5.0/firebase-installations.js","storage":"https://www.gstatic.com/firebasejs/10.5.0/firebase-storage.js","performance":"https://www.gstatic.com/firebasejs/10.5.0/firebase-performance.js","remote-config":"https://www.gstatic.com/firebasejs/10.5.0/firebase-remote-config.js","messaging":"https://www.gstatic.com/firebasejs/10.5.0/firebase-messaging.js","messaging/sw":"https://www.gstatic.com/firebasejs/10.5.0/firebase-messaging/sw.js","database":"https://www.gstatic.com/firebasejs/10.5.0/firebase-database.js","firestore.memory":"https://www.gstatic.com/firebasejs/10.5.0/firebase-firestore.memory.js"}}
[info] i  Skipping write of build/index.html 
[info] 
[info] i  Detected a .git folder at C:\Users\VADER\Desktop\loungeapplication 
[info] i  Authorizing with GitHub to upload your service account to a GitHub repository's secrets store. 
[info] 
[info] Visit this URL on this device to log in:
[info] https://github.com/login/oauth/authorize?client_id=89cf50f02ac6aaed3484&state=231516631&redirect_uri=http%3A%2F%2Flocalhost%3A9005&scope=read%3Auser%20repo%20public_repo
[info] 
[info] Waiting for authentication...
[debug] [2023-10-22T03:46:48.131Z] >>> [apiv2][query] POST https://github.com/login/oauth/access_token [none]
[debug] [2023-10-22T03:46:48.131Z] >>> [apiv2][body] POST https://github.com/login/oauth/access_token [stream]
[debug] [2023-10-22T03:46:48.509Z] <<< [apiv2][status] POST https://github.com/login/oauth/access_token 200
[debug] [2023-10-22T03:46:48.509Z] <<< [apiv2][body] POST https://github.com/login/oauth/access_token {"access_token":"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","token_type":"bearer","scope":"read:user,repo"}
[debug] [2023-10-22T03:46:48.517Z] >>> [apiv2][query] GET https://api.github.com/user [none]
[debug] [2023-10-22T03:46:48.911Z] <<< [apiv2][status] GET https://api.github.com/user 200
[debug] [2023-10-22T03:46:48.911Z] <<< [apiv2][body] GET https://api.github.com/user {"login":"dartvader-20","id":63306924,"node_id":"MDQ6VXNlcjYzMzA2OTI0","avatar_url":"https://avatars.githubusercontent.com/u/63306924?v=4","gravatar_id":"","url":"https://api.github.com/users/dartvader-20","html_url":"https://github.com/dartvader-20","followers_url":"https://api.github.com/users/dartvader-20/followers","following_url":"https://api.github.com/users/dartvader-20/following{/other_user}","gists_url":"https://api.github.com/users/dartvader-20/gists{/gist_id}","starred_url":"https://api.github.com/users/dartvader-20/starred{/owner}{/repo}","subscriptions_url":"https://api.github.com/users/dartvader-20/subscriptions","organizations_url":"https://api.github.com/users/dartvader-20/orgs","repos_url":"https://api.github.com/users/dartvader-20/repos","events_url":"https://api.github.com/users/dartvader-20/events{/privacy}","received_events_url":"https://api.github.com/users/dartvader-20/received_events","type":"User","site_admin":false,"name":null,"company":null,"blog":"","location":null,"email":null,"hireable":null,"bio":null,"twitter_username":null,"public_repos":6,"public_gists":0,"followers":0,"following":0,"created_at":"2020-04-07T15:50:02Z","updated_at":"2023-08-09T11:45:49Z","private_gists":0,"total_private_repos":7,"owned_private_repos":7,"disk_usage":318072,"collaborators":1,"two_factor_authentication":false,"plan":{"name":"free","space":976562499,"collaborators":0,"private_repos":10000}}
[info] 
[info] +  Success! Logged into GitHub as dartvader-20 
[info] 
